#
# A fatal error has been detected by the Java Runtime Environment:
#
#  EXCEPTION_ACCESS_VIOLATION (0xc0000005) at pc=0x00007ffdf1b58c5a, pid=1964, tid=13020
#
# JRE version: OpenJDK Runtime Environment (15.0.2+7) (build 15.0.2+7-27)
# Java VM: OpenJDK 64-Bit Server VM (15.0.2+7-27, mixed mode, tiered, compressed oops, g1 gc, windows-amd64)
# Problematic frame:
# V  [jvm.dll+0x618c5a]
#
# No core dump will be written. Minidumps are not enabled by default on client versions of Windows
#
# If you would like to submit a bug report, please visit:
#   https://bugreport.java.com/bugreport/crash.jsp
#

---------------  S U M M A R Y ------------

Command Line: -XX:+ShowCodeDetailsInExceptionMessages -agentlib:jdwp=transport=dt_socket,suspend=y,address=localhost:61960 -Dcom.sun.management.jmxremote -Dcom.sun.management.jmxremote.port=61959 -Dcom.sun.management.jmxremote.authenticate=false -Dcom.sun.management.jmxremote.ssl=false -Djava.rmi.server.hostname=localhost -Dspring.jmx.enabled=true -Dspring.application.admin.enabled=true -XX:TieredStopAtLevel=1 -Dspring.boot.project.name=loanscrefia-bo -javaagent:C:\Users\a\Desktop\sts-4.10.0.RELEASE\configuration\org.eclipse.osgi\254\0\.cp\lib\javaagent-shaded.jar -Dfile.encoding=UTF-8 com.loanscrefia.LoanscrefiaApplication --spring.output.ansi.enabled=always

Host: AMD Ryzen 7 4700U with Radeon Graphics         , 8 cores, 7G,  Windows 10 , 64 bit Build 19041 (10.0.19041.804)
Time: Mon Apr 12 11:52:35 2021 대한민국 표준시 elapsed time: 110.017123 seconds (0d 0h 1m 50s)

---------------  T H R E A D  ---------------

Current thread (0x000001e3203b2800):  GCTaskThread "GC Thread#3" [stack: 0x0000008c52800000,0x0000008c52900000] [id=13020]

Stack: [0x0000008c52800000,0x0000008c52900000],  sp=0x0000008c528fe050,  free space=1016k
Native frames: (J=compiled Java code, j=interpreted, Vv=VM code, C=native code)
V  [jvm.dll+0x618c5a]
V  [jvm.dll+0x61963a]
V  [jvm.dll+0x2957de]
V  [jvm.dll+0x742424]
V  [jvm.dll+0x689bcd]
V  [jvm.dll+0x742c86]
V  [jvm.dll+0x68adb5]
V  [jvm.dll+0x7adfc0]
V  [jvm.dll+0x73d75a]
V  [jvm.dll+0x629c56]
C  [ucrtbase.dll+0x21bb2]
C  [KERNEL32.DLL+0x17034]
C  [ntdll.dll+0x4d241]


siginfo: EXCEPTION_ACCESS_VIOLATION (0xc0000005), reading address 0xffffffffffffffff


Register to memory mapping:

RIP=0x00007ffdf1b58c5a jvm.dll
RAX=0x00000000000003d8 is an unknown value
RBX=0x000001e320f326d0 points into unknown readable memory: 0x0000000000000000 | 00 00 00 00 00 00 00 00
RCX=0x22d022e000000006 is an unknown value
RDX=0x000000000a8c3360 is an unknown value
RSP=0x0000008c528fe050 points into unknown readable memory: 0x0000000000000000 | 00 00 00 00 00 00 00 00
RBP=0x0000008c532ff590 is pointing into the stack for thread: 0x000001e323f1c0b0
RSI=0x0000008c528fe1c0 points into unknown readable memory: 0x0000000000000000 | 00 00 00 00 00 00 00 00
RDI=0x0000008c528fe190 points into unknown readable memory: 0x0000008c532ff520 | 20 f5 2f 53 8c 00 00 00
R8 =0x0000000000000002 is an unknown value
R9 =0x000001e3052f0000 points into unknown readable memory: 0x0006050403020100 | 00 01 02 03 04 05 06 00
R10=0x000001e309c70000 points into unknown readable memory: 0x0000000000000007 | 07 00 00 00 00 00 00 00
R11=0x0000000000000001 is an unknown value
R12=0x0000008c528fe190 points into unknown readable memory: 0x0000008c532ff520 | 20 f5 2f 53 8c 00 00 00
R13=0x000001e32108ed40 points into unknown readable memory: 0x6c6d617900000002 | 02 00 00 00 79 61 6d 6c
R14=0x0000008c50eff498 points into unknown readable memory: 0x00007ffdf1e1b190 | 90 b1 e1 f1 fd 7f 00 00
R15=0x0000008c528fe1c0 points into unknown readable memory: 0x0000000000000000 | 00 00 00 00 00 00 00 00


Registers:
RAX=0x00000000000003d8, RBX=0x000001e320f326d0, RCX=0x22d022e000000006, RDX=0x000000000a8c3360
RSP=0x0000008c528fe050, RBP=0x0000008c532ff590, RSI=0x0000008c528fe1c0, RDI=0x0000008c528fe190
R8 =0x0000000000000002, R9 =0x000001e3052f0000, R10=0x000001e309c70000, R11=0x0000000000000001
R12=0x0000008c528fe190, R13=0x000001e32108ed40, R14=0x0000008c50eff498, R15=0x0000008c528fe1c0
RIP=0x00007ffdf1b58c5a, EFLAGS=0x0000000000010206

Top of Stack: (sp=0x0000008c528fe050)
0x0000008c528fe050:   0000000000000000 0000000000000000
0x0000008c528fe060:   0000000000000000 0000000000000000
0x0000008c528fe070:   0000008c528fe190 00007ffdf1b5963a
0x0000008c528fe080:   000001e320f326d0 0000000000000988
0x0000008c528fe090:   0000000000000000 0000000000000000
0x0000008c528fe0a0:   000001e320e8abb8 00007ffdf1c8d226
0x0000008c528fe0b0:   0000000000000000 0000ffff09980000
0x0000008c528fe0c0:   000001e30953bc18 0000008c50eff498
0x0000008c528fe0d0:   0000000000000000 0000000000000001
0x0000008c528fe0e0:   0000008c528fe190 0000008c528fe1c0
0x0000008c528fe0f0:   0000008c532ff590 00007ffdf17d57de
0x0000008c528fe100:   000001e320e8a7d0 0000008c528fe160
0x0000008c528fe110:   00000000000003d8 000001e320e8a7e0
0x0000008c528fe120:   000001e323f1c0b0 000000000001ef9a
0x0000008c528fe130:   00007ffdf1f56560 00007ffdf1c82424
0x0000008c528fe140:   000001e323f1c0b0 0000008c50eff498 

Instructions: (pc=0x00007ffdf1b58c5a)
0x00007ffdf1b58b5a:   e8 51 9c 06 00 48 8b f0 48 85 c0 74 0f 48 8b 4b
0x00007ffdf1b58b6a:   08 48 8b 11 48 89 10 89 78 08 eb 03 48 8b f7 44
0x00007ffdf1b58b7a:   8b 63 04 8b df 48 89 6c 24 40 32 c0 84 c0 75 32
0x00007ffdf1b58b8a:   8b c3 ff c3 41 3b c4 0f 8d 8a 00 00 00 48 8b ce
0x00007ffdf1b58b9a:   e8 f1 c9 b4 ff 0f b7 f8 66 83 e0 03 66 83 e8 02
0x00007ffdf1b58baa:   66 83 f8 01 77 0c 48 8b ce e8 d8 c9 b4 ff 44 0f
0x00007ffdf1b58bba:   b7 f8 49 8b 6e 08 48 8b cd 0f bf d7 e8 75 90 ba
0x00007ffdf1b58bca:   ff 0f b7 c7 66 83 e0 03 66 83 e8 02 66 83 f8 01
0x00007ffdf1b58bda:   77 0c 41 0f bf d7 48 8b cd e8 58 90 ba ff 41 ff
0x00007ffdf1b58bea:   46 04 8b c3 ff c3 41 3b c4 7d 8f 48 8b ce e8 93
0x00007ffdf1b58bfa:   c9 b4 ff 0f b7 f8 66 83 e0 03 66 83 e8 02 66 83
0x00007ffdf1b58c0a:   f8 01 77 0c 48 8b ce e8 7a c9 b4 ff 44 0f b7 f8
0x00007ffdf1b58c1a:   b0 01 e9 65 ff ff ff 4c 8b 7c 24 58 49 8b c6 4c
0x00007ffdf1b58c2a:   8b 64 24 50 48 8b 74 24 48 48 8b 6c 24 40 48 83
0x00007ffdf1b58c3a:   c4 20 41 5e 5f 5b c3 33 ff 8b c7 48 83 c4 20 41
0x00007ffdf1b58c4a:   5e 5f 5b c3 cc cc 48 89 5c 24 08 57 48 83 ec 20
0x00007ffdf1b58c5a:   4c 63 09 33 db 48 8b f9 44 8b c3 4d 85 c9 7e 28
0x00007ffdf1b58c6a:   8b c3 0f 1f 40 00 39 54 c1 08 7d 0d 41 ff c0 48
0x00007ffdf1b58c7a:   ff c0 49 3b c1 7c ef eb 0f 41 8b d8 48 ff c3 48
0x00007ffdf1b58c8a:   8d 1c d9 48 85 db 75 24 4c 8d 0d 97 3f 2b 00 ba
0x00007ffdf1b58c9a:   f0 01 00 00 4c 8d 05 43 52 24 00 48 8d 0d c4 3e
0x00007ffdf1b58caa:   2b 00 e8 5f d5 bf ff e8 8a 1c 01 00 48 63 4b 04
0x00007ffdf1b58cba:   48 63 07 48 03 cf 48 8b 5c 24 30 48 ff c0 48 8d
0x00007ffdf1b58cca:   04 c1 48 83 c4 20 5f c3 cc cc cc cc cc cc cc cc
0x00007ffdf1b58cda:   cc cc cc cc cc cc 48 89 6c 24 20 57 41 54 41 56
0x00007ffdf1b58cea:   48 83 ec 20 48 8b 01 4c 8b f2 44 8b 41 24 33 ed
0x00007ffdf1b58cfa:   4c 8b e1 8b 10 49 8d 7e 08 41 89 16 45 89 46 04
0x00007ffdf1b58d0a:   4c 89 71 30 41 39 2e 0f 8e fe 00 00 00 48 89 5c
0x00007ffdf1b58d1a:   24 40 48 89 74 24 48 48 8b f7 4c 89 7c 24 50 45
0x00007ffdf1b58d2a:   33 ff 0f 1f 40 00 49 8b 4c 24 28 49 03 cf 8b 01
0x00007ffdf1b58d3a:   48 8b 59 10 83 f8 01 75 38 4c 63 41 04 8b 03 44
0x00007ffdf1b58d4a:   89 46 04 89 06 49 8b 4c 24 30 8b 43 04 48 63 11 


Stack slot to memory mapping:
stack at sp + 0 slots: 0x0 is NULL
stack at sp + 1 slots: 0x0 is NULL
stack at sp + 2 slots: 0x0 is NULL
stack at sp + 3 slots: 0x0 is NULL
stack at sp + 4 slots: 0x0000008c528fe190 points into unknown readable memory: 0x0000008c532ff520 | 20 f5 2f 53 8c 00 00 00
stack at sp + 5 slots: 0x00007ffdf1b5963a jvm.dll
stack at sp + 6 slots: 0x000001e320f326d0 points into unknown readable memory: 0x0000000000000000 | 00 00 00 00 00 00 00 00
stack at sp + 7 slots: 0x0000000000000988 is an unknown value


---------------  P R O C E S S  ---------------

Threads class SMR info:
_java_thread_list=0x000001e3247fa000, length=41, elements={
0x000001e31f96b150, 0x000001e31f96ba10, 0x000001e32019efe0, 0x000001e32019f8a0,
0x000001e3201eb010, 0x000001e3201eb590, 0x000001e3201ec290, 0x000001e31f8fc770,
0x000001e3203e1080, 0x000001e3203e3d40, 0x000001e3203e6240, 0x000001e320cda0f0,
0x000001e320e6d300, 0x000001e320e63fd0, 0x000001e320eb6e30, 0x000001e320f07bb0,
0x000001e320f56820, 0x000001e320ecd810, 0x000001e323f16a10, 0x000001e323f19090,
0x000001e323f1cf20, 0x000001e323f173b0, 0x000001e323f16540, 0x000001e323f1c0b0,
0x000001e323f16ee0, 0x000001e323f17880, 0x000001e323f18220, 0x000001e323f1d3f0,
0x000001e323f1c580, 0x000001e323f1d8c0, 0x000001e323f18bc0, 0x000001e323f16070,
0x000001e323f1a8a0, 0x000001e323f1ca50, 0x000001e323f17d50, 0x000001e323f1ad70,
0x000001e323f186f0, 0x000001e3249cc4c0, 0x000001e3249ce1a0, 0x000001e3249cacb0,
0x000001e3249c72f0
}

Java Threads: ( => current thread )
  0x000001e31f96b150 JavaThread "Reference Handler" daemon [_thread_blocked, id=5480, stack(0x0000008c50f00000,0x0000008c51000000)]
  0x000001e31f96ba10 JavaThread "Finalizer" daemon [_thread_blocked, id=10096, stack(0x0000008c51000000,0x0000008c51100000)]
  0x000001e32019efe0 JavaThread "Signal Dispatcher" daemon [_thread_blocked, id=12100, stack(0x0000008c51100000,0x0000008c51200000)]
  0x000001e32019f8a0 JavaThread "Attach Listener" daemon [_thread_blocked, id=3164, stack(0x0000008c51200000,0x0000008c51300000)]
  0x000001e3201eb010 JavaThread "Service Thread" daemon [_thread_blocked, id=8016, stack(0x0000008c51300000,0x0000008c51400000)]
  0x000001e3201eb590 JavaThread "C1 CompilerThread0" daemon [_thread_blocked, id=10776, stack(0x0000008c51400000,0x0000008c51500000)]
  0x000001e3201ec290 JavaThread "Sweeper thread" daemon [_thread_blocked, id=1500, stack(0x0000008c51500000,0x0000008c51600000)]
  0x000001e31f8fc770 JavaThread "Common-Cleaner" daemon [_thread_blocked, id=9480, stack(0x0000008c51600000,0x0000008c51700000)]
  0x000001e3203e1080 JavaThread "JDWP Transport Listener: dt_socket" daemon [_thread_blocked, id=5812, stack(0x0000008c51700000,0x0000008c51800000)]
  0x000001e3203e3d40 JavaThread "JDWP Event Helper Thread" daemon [_thread_blocked, id=13196, stack(0x0000008c51800000,0x0000008c51900000)]
  0x000001e3203e6240 JavaThread "JDWP Command Reader" daemon [_thread_in_native, id=11336, stack(0x0000008c51900000,0x0000008c51a00000)]
  0x000001e320cda0f0 JavaThread "Notification Thread" daemon [_thread_blocked, id=9876, stack(0x0000008c51a00000,0x0000008c51b00000)]
  0x000001e320e6d300 JavaThread "RMI TCP Accept-0" daemon [_thread_in_native, id=4204, stack(0x0000008c51b00000,0x0000008c51c00000)]
  0x000001e320e63fd0 JavaThread "RMI TCP Accept-61959" daemon [_thread_in_native, id=9956, stack(0x0000008c51c00000,0x0000008c51d00000)]
  0x000001e320eb6e30 JavaThread "RMI Scheduler(0)" daemon [_thread_blocked, id=11148, stack(0x0000008c51e00000,0x0000008c51f00000)]
  0x000001e320f07bb0 JavaThread "RMI TCP Connection(idle)" daemon [_thread_blocked, id=8136, stack(0x0000008c51f00000,0x0000008c52000000)]
  0x000001e320f56820 JavaThread "JMX server connection timeout 23" daemon [_thread_blocked, id=10648, stack(0x0000008c52000000,0x0000008c52100000)]
  0x000001e320ecd810 JavaThread "RMI TCP Accept-0" daemon [_thread_in_native, id=6080, stack(0x0000008c52100000,0x0000008c52200000)]
  0x000001e323f16a10 JavaThread "Catalina-utility-1" [_thread_blocked, id=11920, stack(0x0000008c52c00000,0x0000008c52d00000)]
  0x000001e323f19090 JavaThread "Catalina-utility-2" [_thread_blocked, id=2940, stack(0x0000008c52f00000,0x0000008c53000000)]
  0x000001e323f1cf20 JavaThread "container-0" [_thread_blocked, id=11776, stack(0x0000008c53000000,0x0000008c53100000)]
  0x000001e323f173b0 JavaThread "File Watcher" daemon [_thread_blocked, id=9996, stack(0x0000008c53100000,0x0000008c53200000)]
  0x000001e323f16540 JavaThread "Live Reload Server" daemon [_thread_in_native, id=12136, stack(0x0000008c53300000,0x0000008c53400000)]
  0x000001e323f1c0b0 JavaThread "http-nio-8080-BlockPoller" daemon [_thread_in_native, id=8080, stack(0x0000008c53200000,0x0000008c53300000)]
  0x000001e323f16ee0 JavaThread "http-nio-8080-exec-1" daemon [_thread_blocked, id=11736, stack(0x0000008c53400000,0x0000008c53500000)]
  0x000001e323f17880 JavaThread "http-nio-8080-exec-2" daemon [_thread_blocked, id=10052, stack(0x0000008c53500000,0x0000008c53600000)]
  0x000001e323f18220 JavaThread "http-nio-8080-exec-3" daemon [_thread_blocked, id=11420, stack(0x0000008c53600000,0x0000008c53700000)]
  0x000001e323f1d3f0 JavaThread "http-nio-8080-exec-4" daemon [_thread_blocked, id=2440, stack(0x0000008c53700000,0x0000008c53800000)]
  0x000001e323f1c580 JavaThread "http-nio-8080-exec-5" daemon [_thread_blocked, id=11712, stack(0x0000008c53800000,0x0000008c53900000)]
  0x000001e323f1d8c0 JavaThread "http-nio-8080-exec-6" daemon [_thread_blocked, id=1328, stack(0x0000008c53900000,0x0000008c53a00000)] _threads_hazard_ptr=0x000001e3247fa000
  0x000001e323f18bc0 JavaThread "http-nio-8080-exec-7" daemon [_thread_blocked, id=13300, stack(0x0000008c53a00000,0x0000008c53b00000)]
  0x000001e323f16070 JavaThread "http-nio-8080-exec-8" daemon [_thread_blocked, id=9192, stack(0x0000008c53b00000,0x0000008c53c00000)]
  0x000001e323f1a8a0 JavaThread "http-nio-8080-exec-9" daemon [_thread_blocked, id=8860, stack(0x0000008c53c00000,0x0000008c53d00000)]
  0x000001e323f1ca50 JavaThread "http-nio-8080-exec-10" daemon [_thread_blocked, id=8888, stack(0x0000008c53d00000,0x0000008c53e00000)]
  0x000001e323f17d50 JavaThread "http-nio-8080-ClientPoller" daemon [_thread_in_native, id=9912, stack(0x0000008c53e00000,0x0000008c53f00000)]
  0x000001e323f1ad70 JavaThread "http-nio-8080-Acceptor" daemon [_thread_in_native, id=7944, stack(0x0000008c53f00000,0x0000008c54000000)]
  0x000001e323f186f0 JavaThread "DestroyJavaVM" [_thread_blocked, id=9964, stack(0x0000008c50800000,0x0000008c50900000)]
  0x000001e3249cc4c0 JavaThread "PostgreSQL-JDBC-SharedTimer-1" daemon [_thread_blocked, id=9088, stack(0x0000008c52600000,0x0000008c52700000)]
  0x000001e3249ce1a0 JavaThread "HikariPool-1 housekeeper" daemon [_thread_blocked, id=11972, stack(0x0000008c54000000,0x0000008c54100000)]
  0x000001e3249cacb0 JavaThread "Java2D Disposer" daemon [_thread_blocked, id=3408, stack(0x0000008c54300000,0x0000008c54400000)]
  0x000001e3249c72f0 JavaThread "AWT-Windows" daemon [_thread_in_native, id=11676, stack(0x0000008c54500000,0x0000008c54600000)]

Other Threads:
  0x000001e32018f440 VMThread "VM Thread" [stack: 0x0000008c50e00000,0x0000008c50f00000] [id=12440]
  0x000001e320ed4ec0 WatcherThread [stack: 0x0000008c52200000,0x0000008c52300000] [id=11488]
  0x000001e305b69b90 GCTaskThread "GC Thread#0" [stack: 0x0000008c50900000,0x0000008c50a00000] [id=10128]
  0x000001e3203b57d0 GCTaskThread "GC Thread#1" [stack: 0x0000008c52300000,0x0000008c52400000] [id=10860]
  0x000001e3203b37f0 GCTaskThread "GC Thread#2" [stack: 0x0000008c52700000,0x0000008c52800000] [id=8376]
=>0x000001e3203b2800 GCTaskThread "GC Thread#3" [stack: 0x0000008c52800000,0x0000008c52900000] [id=13020]
  0x000001e3203b3e50 GCTaskThread "GC Thread#4" [stack: 0x0000008c52900000,0x0000008c52a00000] [id=10520]
  0x000001e3203b4180 GCTaskThread "GC Thread#5" [stack: 0x0000008c52a00000,0x0000008c52b00000] [id=13040]
  0x000001e3203b4b10 GCTaskThread "GC Thread#6" [stack: 0x0000008c52d00000,0x0000008c52e00000] [id=8728]
  0x000001e3203b44b0 GCTaskThread "GC Thread#7" [stack: 0x0000008c52e00000,0x0000008c52f00000] [id=13136]
  0x000001e305b7b4c0 ConcurrentGCThread "G1 Main Marker" [stack: 0x0000008c50a00000,0x0000008c50b00000] [id=9060]
  0x000001e305b7bfd0 ConcurrentGCThread "G1 Conc#0" [stack: 0x0000008c50b00000,0x0000008c50c00000] [id=10340]
  0x000001e3203b3190 ConcurrentGCThread "G1 Conc#1" [stack: 0x0000008c52b00000,0x0000008c52c00000] [id=2872]
  0x000001e305be7470 ConcurrentGCThread "G1 Refine#0" [stack: 0x0000008c50c00000,0x0000008c50d00000] [id=4756]
  0x000001e320ff7160 ConcurrentGCThread "G1 Refine#1" [stack: 0x0000008c52400000,0x0000008c52500000] [id=11060]
  0x000001e31f790090 ConcurrentGCThread "G1 Young RemSet Sampling" [stack: 0x0000008c50d00000,0x0000008c50e00000] [id=2888]

Threads with active compile tasks:

VM state: at safepoint (normal execution)

VM Mutex/Monitor currently owned by a thread:  ([mutex/lock_event])
[0x000001e305b21a90] Threads_lock - owner thread: 0x000001e32018f440
[0x000001e305b2b9a0] JvmtiThreadState_lock - owner thread: 0x000001e323f1d8c0

Heap address: 0x0000000089800000, size: 1896 MB, Compressed Oops mode: 32-bit
CDS disabled.
Compressed class space mapped at: 0x0000000100000000-0x0000000140000000, size: 1073741824
Narrow klass base: 0x0000000000000000, Narrow klass shift: 3, Narrow klass range: 0x140000000

GC Precious Log:
 CPUs: 8 total, 8 available
 Memory: 7581M
 Large Page Support: Disabled
 NUMA Support: Disabled
 Compressed Oops: Enabled (32-bit)
 Heap Region Size: 1M
 Heap Min Capacity: 8M
 Heap Initial Capacity: 120M
 Heap Max Capacity: 1896M
 Pre-touch: Disabled
 Parallel Workers: 8
 Concurrent Workers: 2
 Concurrent Refinement Workers: 8
 Periodic GC: Disabled

Heap:
 garbage-first heap   total 121856K, used 56081K [0x0000000089800000, 0x0000000100000000)
  region size 1024K, 7 young (7168K), 1 survivors (1024K)
 Metaspace       used 68277K, capacity 69043K, committed 69148K, reserved 1110016K
  class space    used 7807K, capacity 8075K, committed 8140K, reserved 1048576K

Heap Regions: E=young(eden), S=young(survivor), O=old, HS=humongous(starts), HC=humongous(continues), CS=collection set, F=free, OA=open archive, CA=closed archive, TAMS=top-at-mark-start (previous, next)
|   0|0x0000000089800000, 0x0000000089900000, 0x0000000089900000|100%|HS|  |TAMS 0x0000000089900000, 0x0000000089800000| Complete 
|   1|0x0000000089900000, 0x0000000089a00000, 0x0000000089a00000|100%| O|  |TAMS 0x0000000089a00000, 0x0000000089900000| Untracked 
|   2|0x0000000089a00000, 0x0000000089b00000, 0x0000000089b00000|100%| O|  |TAMS 0x0000000089b00000, 0x0000000089a00000| Untracked 
|   3|0x0000000089b00000, 0x0000000089c00000, 0x0000000089c00000|100%| O|  |TAMS 0x0000000089c00000, 0x0000000089b00000| Untracked 
|   4|0x0000000089c00000, 0x0000000089d00000, 0x0000000089d00000|100%| O|  |TAMS 0x0000000089d00000, 0x0000000089c00000| Untracked 
|   5|0x0000000089d00000, 0x0000000089e00000, 0x0000000089e00000|100%| O|  |TAMS 0x0000000089e00000, 0x0000000089d00000| Untracked 
|   6|0x0000000089e00000, 0x0000000089f00000, 0x0000000089f00000|100%| O|  |TAMS 0x0000000089f00000, 0x0000000089e00000| Untracked 
|   7|0x0000000089f00000, 0x0000000089ffbc00, 0x000000008a000000| 98%| O|  |TAMS 0x0000000089ffbc00, 0x0000000089f00000| Untracked 
|   8|0x000000008a000000, 0x000000008a100000, 0x000000008a100000|100%| O|  |TAMS 0x000000008a100000, 0x000000008a000000| Untracked 
|   9|0x000000008a100000, 0x000000008a200000, 0x000000008a200000|100%| O|  |TAMS 0x000000008a200000, 0x000000008a100000| Untracked 
|  10|0x000000008a200000, 0x000000008a300000, 0x000000008a300000|100%| O|  |TAMS 0x000000008a300000, 0x000000008a200000| Untracked 
|  11|0x000000008a300000, 0x000000008a400000, 0x000000008a400000|100%| O|  |TAMS 0x000000008a400000, 0x000000008a300000| Untracked 
|  12|0x000000008a400000, 0x000000008a500000, 0x000000008a500000|100%| O|  |TAMS 0x000000008a500000, 0x000000008a400000| Untracked 
|  13|0x000000008a500000, 0x000000008a600000, 0x000000008a600000|100%| O|  |TAMS 0x000000008a600000, 0x000000008a500000| Untracked 
|  14|0x000000008a600000, 0x000000008a700000, 0x000000008a700000|100%| O|  |TAMS 0x000000008a700000, 0x000000008a600000| Untracked 
|  15|0x000000008a700000, 0x000000008a800000, 0x000000008a800000|100%| O|  |TAMS 0x000000008a800000, 0x000000008a700000| Untracked 
|  16|0x000000008a800000, 0x000000008a900000, 0x000000008a900000|100%| O|  |TAMS 0x000000008a900000, 0x000000008a800000| Untracked 
|  17|0x000000008a900000, 0x000000008aa00000, 0x000000008aa00000|100%| O|  |TAMS 0x000000008aa00000, 0x000000008a900000| Untracked 
|  18|0x000000008aa00000, 0x000000008ab00000, 0x000000008ab00000|100%| O|  |TAMS 0x000000008ab00000, 0x000000008aa00000| Untracked 
|  19|0x000000008ab00000, 0x000000008ac00000, 0x000000008ac00000|100%| O|  |TAMS 0x000000008ac00000, 0x000000008ab00000| Untracked 
|  20|0x000000008ac00000, 0x000000008ad00000, 0x000000008ad00000|100%| O|  |TAMS 0x000000008ad00000, 0x000000008ac00000| Untracked 
|  21|0x000000008ad00000, 0x000000008ae00000, 0x000000008ae00000|100%| O|  |TAMS 0x000000008ae00000, 0x000000008ad00000| Untracked 
|  22|0x000000008ae00000, 0x000000008af00000, 0x000000008af00000|100%| O|  |TAMS 0x000000008af00000, 0x000000008ae00000| Untracked 
|  23|0x000000008af00000, 0x000000008b000000, 0x000000008b000000|100%| O|  |TAMS 0x000000008b000000, 0x000000008af00000| Untracked 
|  24|0x000000008b000000, 0x000000008b100000, 0x000000008b100000|100%| O|  |TAMS 0x000000008b100000, 0x000000008b000000| Untracked 
|  25|0x000000008b100000, 0x000000008b200000, 0x000000008b200000|100%| O|  |TAMS 0x000000008b200000, 0x000000008b100000| Untracked 
|  26|0x000000008b200000, 0x000000008b300000, 0x000000008b300000|100%|HS|  |TAMS 0x000000008b300000, 0x000000008b200000| Complete 
|  27|0x000000008b300000, 0x000000008b400000, 0x000000008b400000|100%| O|  |TAMS 0x000000008b400000, 0x000000008b300000| Untracked 
|  28|0x000000008b400000, 0x000000008b500000, 0x000000008b500000|100%|HS|  |TAMS 0x000000008b500000, 0x000000008b400000| Complete 
|  29|0x000000008b500000, 0x000000008b600000, 0x000000008b600000|100%|HS|  |TAMS 0x000000008b500000, 0x000000008b500000| Complete 
|  30|0x000000008b600000, 0x000000008b600000, 0x000000008b700000|  0%| F|  |TAMS 0x000000008b600000, 0x000000008b600000| Untracked 
|  31|0x000000008b700000, 0x000000008b700000, 0x000000008b800000|  0%| F|  |TAMS 0x000000008b700000, 0x000000008b700000| Untracked 
|  32|0x000000008b800000, 0x000000008b800000, 0x000000008b900000|  0%| F|  |TAMS 0x000000008b800000, 0x000000008b800000| Untracked 
|  33|0x000000008b900000, 0x000000008b900000, 0x000000008ba00000|  0%| F|  |TAMS 0x000000008b900000, 0x000000008b900000| Untracked 
|  34|0x000000008ba00000, 0x000000008ba00000, 0x000000008bb00000|  0%| F|  |TAMS 0x000000008ba00000, 0x000000008ba00000| Untracked 
|  35|0x000000008bb00000, 0x000000008bb00000, 0x000000008bc00000|  0%| F|  |TAMS 0x000000008bb00000, 0x000000008bb00000| Untracked 
|  36|0x000000008bc00000, 0x000000008bc00000, 0x000000008bd00000|  0%| F|  |TAMS 0x000000008bc00000, 0x000000008bc00000| Untracked 
|  37|0x000000008bd00000, 0x000000008bd00000, 0x000000008be00000|  0%| F|  |TAMS 0x000000008bd00000, 0x000000008bd00000| Untracked 
|  38|0x000000008be00000, 0x000000008be00000, 0x000000008bf00000|  0%| F|  |TAMS 0x000000008be00000, 0x000000008be00000| Untracked 
|  39|0x000000008bf00000, 0x000000008bf00000, 0x000000008c000000|  0%| F|  |TAMS 0x000000008bf00000, 0x000000008bf00000| Untracked 
|  40|0x000000008c000000, 0x000000008c100000, 0x000000008c100000|100%| O|  |TAMS 0x000000008c100000, 0x000000008c000000| Untracked 
|  41|0x000000008c100000, 0x000000008c200000, 0x000000008c200000|100%| O|  |TAMS 0x000000008c200000, 0x000000008c100000| Untracked 
|  42|0x000000008c200000, 0x000000008c28a000, 0x000000008c300000| 53%| O|  |TAMS 0x000000008c28a000, 0x000000008c200000| Untracked 
|  43|0x000000008c300000, 0x000000008c300000, 0x000000008c400000|  0%| F|  |TAMS 0x000000008c300000, 0x000000008c300000| Untracked 
|  44|0x000000008c400000, 0x000000008c400000, 0x000000008c500000|  0%| F|  |TAMS 0x000000008c400000, 0x000000008c400000| Untracked 
|  45|0x000000008c500000, 0x000000008c500000, 0x000000008c600000|  0%| F|  |TAMS 0x000000008c500000, 0x000000008c500000| Untracked 
|  46|0x000000008c600000, 0x000000008c600000, 0x000000008c700000|  0%| F|  |TAMS 0x000000008c600000, 0x000000008c600000| Untracked 
|  47|0x000000008c700000, 0x000000008c700000, 0x000000008c800000|  0%| F|  |TAMS 0x000000008c700000, 0x000000008c700000| Untracked 
|  48|0x000000008c800000, 0x000000008c800000, 0x000000008c900000|  0%| F|  |TAMS 0x000000008c800000, 0x000000008c800000| Untracked 
|  49|0x000000008c900000, 0x000000008c900000, 0x000000008ca00000|  0%| F|  |TAMS 0x000000008c900000, 0x000000008c900000| Untracked 
|  50|0x000000008ca00000, 0x000000008ca00000, 0x000000008cb00000|  0%| F|  |TAMS 0x000000008ca00000, 0x000000008ca00000| Untracked 
|  51|0x000000008cb00000, 0x000000008cb00000, 0x000000008cc00000|  0%| F|  |TAMS 0x000000008cb00000, 0x000000008cb00000| Untracked 
|  52|0x000000008cc00000, 0x000000008cc00000, 0x000000008cd00000|  0%| F|  |TAMS 0x000000008cc00000, 0x000000008cc00000| Untracked 
|  53|0x000000008cd00000, 0x000000008ce00000, 0x000000008ce00000|100%| O|  |TAMS 0x000000008ce00000, 0x000000008cd00000| Untracked 
|  54|0x000000008ce00000, 0x000000008ce00000, 0x000000008cf00000|  0%| F|  |TAMS 0x000000008ce00000, 0x000000008ce00000| Untracked 
|  55|0x000000008cf00000, 0x000000008cf00000, 0x000000008d000000|  0%| F|  |TAMS 0x000000008cf00000, 0x000000008cf00000| Untracked 
|  56|0x000000008d000000, 0x000000008d000000, 0x000000008d100000|  0%| F|  |TAMS 0x000000008d000000, 0x000000008d000000| Untracked 
|  57|0x000000008d100000, 0x000000008d100000, 0x000000008d200000|  0%| F|  |TAMS 0x000000008d100000, 0x000000008d100000| Untracked 
|  58|0x000000008d200000, 0x000000008d200000, 0x000000008d300000|  0%| F|  |TAMS 0x000000008d200000, 0x000000008d200000| Untracked 
|  59|0x000000008d300000, 0x000000008d300000, 0x000000008d400000|  0%| F|  |TAMS 0x000000008d300000, 0x000000008d300000| Untracked 
|  60|0x000000008d400000, 0x000000008d400000, 0x000000008d500000|  0%| F|  |TAMS 0x000000008d400000, 0x000000008d400000| Untracked 
|  61|0x000000008d500000, 0x000000008d500000, 0x000000008d600000|  0%| F|  |TAMS 0x000000008d500000, 0x000000008d500000| Untracked 
|  62|0x000000008d600000, 0x000000008d600000, 0x000000008d700000|  0%| F|  |TAMS 0x000000008d600000, 0x000000008d600000| Untracked 
|  63|0x000000008d700000, 0x000000008d700000, 0x000000008d800000|  0%| F|  |TAMS 0x000000008d700000, 0x000000008d700000| Untracked 
|  64|0x000000008d800000, 0x000000008d800000, 0x000000008d900000|  0%| F|  |TAMS 0x000000008d800000, 0x000000008d800000| Untracked 
|  65|0x000000008d900000, 0x000000008d900000, 0x000000008da00000|  0%| F|  |TAMS 0x000000008d900000, 0x000000008d900000| Untracked 
|  66|0x000000008da00000, 0x000000008da00000, 0x000000008db00000|  0%| F|  |TAMS 0x000000008da00000, 0x000000008da00000| Untracked 
|  67|0x000000008db00000, 0x000000008db00000, 0x000000008dc00000|  0%| F|  |TAMS 0x000000008db00000, 0x000000008db00000| Untracked 
|  68|0x000000008dc00000, 0x000000008dc00000, 0x000000008dd00000|  0%| F|  |TAMS 0x000000008dc00000, 0x000000008dc00000| Untracked 
|  69|0x000000008dd00000, 0x000000008dd00000, 0x000000008de00000|  0%| F|  |TAMS 0x000000008dd00000, 0x000000008dd00000| Untracked 
|  70|0x000000008de00000, 0x000000008de00000, 0x000000008df00000|  0%| F|  |TAMS 0x000000008de00000, 0x000000008de00000| Untracked 
|  71|0x000000008df00000, 0x000000008df00000, 0x000000008e000000|  0%| F|  |TAMS 0x000000008df00000, 0x000000008df00000| Untracked 
|  72|0x000000008e000000, 0x000000008e000000, 0x000000008e100000|  0%| F|  |TAMS 0x000000008e000000, 0x000000008e000000| Untracked 
|  73|0x000000008e100000, 0x000000008e100000, 0x000000008e200000|  0%| F|  |TAMS 0x000000008e100000, 0x000000008e100000| Untracked 
|  74|0x000000008e200000, 0x000000008e300000, 0x000000008e300000|100%| O|  |TAMS 0x000000008e300000, 0x000000008e200000| Untracked 
|  75|0x000000008e300000, 0x000000008e400000, 0x000000008e400000|100%|HS|  |TAMS 0x000000008e400000, 0x000000008e300000| Complete 
|  76|0x000000008e400000, 0x000000008e500000, 0x000000008e500000|100%|HC|  |TAMS 0x000000008e500000, 0x000000008e400000| Complete 
|  77|0x000000008e500000, 0x000000008e600000, 0x000000008e600000|100%|HC|  |TAMS 0x000000008e600000, 0x000000008e500000| Complete 
|  78|0x000000008e600000, 0x000000008e700000, 0x000000008e700000|100%|HC|  |TAMS 0x000000008e700000, 0x000000008e600000| Complete 
|  79|0x000000008e700000, 0x000000008e800000, 0x000000008e800000|100%|HC|  |TAMS 0x000000008e800000, 0x000000008e700000| Complete 
|  80|0x000000008e800000, 0x000000008e900000, 0x000000008e900000|100%|HC|  |TAMS 0x000000008e900000, 0x000000008e800000| Complete 
|  81|0x000000008e900000, 0x000000008ea00000, 0x000000008ea00000|100%|HC|  |TAMS 0x000000008ea00000, 0x000000008e900000| Complete 
|  82|0x000000008ea00000, 0x000000008eb00000, 0x000000008eb00000|100%|HC|  |TAMS 0x000000008eb00000, 0x000000008ea00000| Complete 
|  83|0x000000008eb00000, 0x000000008ec00000, 0x000000008ec00000|100%|HC|  |TAMS 0x000000008ec00000, 0x000000008eb00000| Complete 
|  84|0x000000008ec00000, 0x000000008ed00000, 0x000000008ed00000|100%|HC|  |TAMS 0x000000008ed00000, 0x000000008ec00000| Complete 
|  85|0x000000008ed00000, 0x000000008ee00000, 0x000000008ee00000|100%|HC|  |TAMS 0x000000008ee00000, 0x000000008ed00000| Complete 
|  86|0x000000008ee00000, 0x000000008ef00000, 0x000000008ef00000|100%|HC|  |TAMS 0x000000008ef00000, 0x000000008ee00000| Complete 
|  87|0x000000008ef00000, 0x000000008f000000, 0x000000008f000000|100%|HC|  |TAMS 0x000000008f000000, 0x000000008ef00000| Complete 
|  88|0x000000008f000000, 0x000000008f100000, 0x000000008f100000|100%|HC|  |TAMS 0x000000008f100000, 0x000000008f000000| Complete 
|  89|0x000000008f100000, 0x000000008f200000, 0x000000008f200000|100%|HC|  |TAMS 0x000000008f200000, 0x000000008f100000| Complete 
|  90|0x000000008f200000, 0x000000008f200000, 0x000000008f300000|  0%| F|  |TAMS 0x000000008f200000, 0x000000008f200000| Untracked 
|  91|0x000000008f300000, 0x000000008f300000, 0x000000008f400000|  0%| F|  |TAMS 0x000000008f300000, 0x000000008f300000| Untracked 
|  92|0x000000008f400000, 0x000000008f400000, 0x000000008f500000|  0%| F|  |TAMS 0x000000008f400000, 0x000000008f400000| Untracked 
|  93|0x000000008f500000, 0x000000008f500000, 0x000000008f600000|  0%| F|  |TAMS 0x000000008f500000, 0x000000008f500000| Untracked 
|  94|0x000000008f600000, 0x000000008f600000, 0x000000008f700000|  0%| F|  |TAMS 0x000000008f600000, 0x000000008f600000| Untracked 
|  95|0x000000008f700000, 0x000000008f700000, 0x000000008f800000|  0%| F|  |TAMS 0x000000008f700000, 0x000000008f700000| Untracked 
|  96|0x000000008f800000, 0x000000008f800000, 0x000000008f900000|  0%| F|  |TAMS 0x000000008f800000, 0x000000008f800000| Untracked 
|  97|0x000000008f900000, 0x000000008f900000, 0x000000008fa00000|  0%| F|  |TAMS 0x000000008f900000, 0x000000008f900000| Untracked 
|  98|0x000000008fa00000, 0x000000008fa00000, 0x000000008fb00000|  0%| F|  |TAMS 0x000000008fa00000, 0x000000008fa00000| Untracked 
|  99|0x000000008fb00000, 0x000000008fb00000, 0x000000008fc00000|  0%| F|  |TAMS 0x000000008fb00000, 0x000000008fb00000| Untracked 
| 100|0x000000008fc00000, 0x000000008fc00000, 0x000000008fd00000|  0%| F|  |TAMS 0x000000008fc00000, 0x000000008fc00000| Untracked 
| 101|0x000000008fd00000, 0x000000008fd00000, 0x000000008fe00000|  0%| F|  |TAMS 0x000000008fd00000, 0x000000008fd00000| Untracked 
| 102|0x000000008fe00000, 0x000000008fe00000, 0x000000008ff00000|  0%| F|  |TAMS 0x000000008fe00000, 0x000000008fe00000| Untracked 
| 103|0x000000008ff00000, 0x000000008ff00000, 0x0000000090000000|  0%| F|  |TAMS 0x000000008ff00000, 0x000000008ff00000| Untracked 
| 104|0x0000000090000000, 0x0000000090000000, 0x0000000090100000|  0%| F|  |TAMS 0x0000000090000000, 0x0000000090000000| Untracked 
| 105|0x0000000090100000, 0x0000000090100000, 0x0000000090200000|  0%| F|  |TAMS 0x0000000090100000, 0x0000000090100000| Untracked 
| 106|0x0000000090200000, 0x0000000090200000, 0x0000000090300000|  0%| F|  |TAMS 0x0000000090200000, 0x0000000090200000| Untracked 
| 107|0x0000000090300000, 0x0000000090300000, 0x0000000090400000|  0%| F|  |TAMS 0x0000000090300000, 0x0000000090300000| Untracked 
| 108|0x0000000090400000, 0x0000000090400000, 0x0000000090500000|  0%| F|  |TAMS 0x0000000090400000, 0x0000000090400000| Untracked 
| 109|0x0000000090500000, 0x0000000090500000, 0x0000000090600000|  0%| F|  |TAMS 0x0000000090500000, 0x0000000090500000| Untracked 
| 110|0x0000000090600000, 0x0000000090600000, 0x0000000090700000|  0%| F|  |TAMS 0x0000000090600000, 0x0000000090600000| Untracked 
| 111|0x0000000090700000, 0x0000000090700000, 0x0000000090800000|  0%| F|  |TAMS 0x0000000090700000, 0x0000000090700000| Untracked 
| 112|0x0000000090800000, 0x00000000908aced8, 0x0000000090900000| 67%| E|  |TAMS 0x0000000090800000, 0x0000000090800000| Complete 
| 113|0x0000000090900000, 0x0000000090a00000, 0x0000000090a00000|100%| E|CS|TAMS 0x0000000090900000, 0x0000000090900000| Complete 
| 114|0x0000000090a00000, 0x0000000090b00000, 0x0000000090b00000|100%| E|CS|TAMS 0x0000000090a00000, 0x0000000090a00000| Complete 
| 115|0x0000000090b00000, 0x0000000090c00000, 0x0000000090c00000|100%| E|CS|TAMS 0x0000000090b00000, 0x0000000090b00000| Complete 
| 116|0x0000000090c00000, 0x0000000090d00000, 0x0000000090d00000|100%| E|CS|TAMS 0x0000000090c00000, 0x0000000090c00000| Complete 
| 117|0x0000000090d00000, 0x0000000090d3e8a0, 0x0000000090e00000| 24%| S|CS|TAMS 0x0000000090d00000, 0x0000000090d00000| Complete 
| 119|0x0000000090f00000, 0x0000000091000000, 0x0000000091000000|100%| E|CS|TAMS 0x0000000090f00000, 0x0000000090f00000| Complete 

Card table byte_map: [0x000001e318c30000,0x000001e318ff0000] _byte_map_base: 0x000001e3187e4000

Marking Bits (Prev, Next): (CMBitMap*) 0x000001e3039ce630, (CMBitMap*) 0x000001e3039ce5f0
 Prev Bits: [0x000001e31b150000, 0x000001e31cef0000)
 Next Bits: [0x000001e3193b0000, 0x000001e31b150000)

Polling page: 0x000001e303a70000

Metaspace:

Usage:
  Non-class:     59.54 MB capacity,    59.05 MB (>99%) used,   400.13 KB ( <1%) free+waste,    97.25 KB ( <1%) overhead. 
      Class:      7.89 MB capacity,     7.62 MB ( 97%) used,   232.27 KB (  3%) free+waste,    35.44 KB ( <1%) overhead. 
       Both:     67.42 MB capacity,    66.68 MB ( 99%) used,   632.41 KB ( <1%) free+waste,   132.69 KB ( <1%) overhead. 

Virtual space:
  Non-class space:       60.00 MB reserved,      59.58 MB (>99%) committed 
      Class space:        1.00 GB reserved,       7.95 MB ( <1%) committed 
             Both:        1.06 GB reserved,      67.53 MB (  6%) committed 

Chunk freelists:
   Non-Class:  40.00 KB
       Class:  21.00 KB
        Both:  61.00 KB

MaxMetaspaceSize: 17179869184.00 GB
CompressedClassSpaceSize: 1.00 GB

CodeHeap 'non-profiled nmethods': size=238336Kb used=12694Kb max_used=12694Kb free=225641Kb
 bounds [0x000001e309c70000, 0x000001e30a8e0000, 0x000001e318530000]
CodeHeap 'non-nmethods': size=7424Kb used=1479Kb max_used=1479Kb free=5945Kb
 bounds [0x000001e309530000, 0x000001e3097a0000, 0x000001e309c70000]
 total_blobs=7493 nmethods=6775 adapters=643
 compilation: enabled
              stopped_count=0, restarted_count=0
 full_count=0

Compilation events (20 events):
Event: 106.397 Thread 0x000001e3201eb590 6766       1       ch.qos.logback.classic.Logger::filterAndLog_0_Or3Plus (61 bytes)
Event: 106.397 Thread 0x000001e3201eb590 nmethod 6766 0x000001e30a8d2490 code [0x000001e30a8d2680, 0x000001e30a8d2a98]
Event: 106.397 Thread 0x000001e3201eb590 6768       1       java.lang.String::format (16 bytes)
Event: 106.397 Thread 0x000001e3201eb590 nmethod 6768 0x000001e30a8d2e10 code [0x000001e30a8d3020, 0x000001e30a8d3428]
Event: 106.397 Thread 0x000001e3201eb590 6769       1       java.util.Formatter::<init> (18 bytes)
Event: 106.397 Thread 0x000001e3201eb590 nmethod 6769 0x000001e30a8d3710 code [0x000001e30a8d38e0, 0x000001e30a8d3b98]
Event: 106.398 Thread 0x000001e3201eb590 6773       1       java.util.Formatter$FormatSpecifier::appendJustified (91 bytes)
Event: 106.398 Thread 0x000001e3201eb590 nmethod 6773 0x000001e30a8d3d10 code [0x000001e30a8d3ee0, 0x000001e30a8d4128]
Event: 106.398 Thread 0x000001e3201eb590 6770       1       java.util.Formatter::<init> (23 bytes)
Event: 106.398 Thread 0x000001e3201eb590 nmethod 6770 0x000001e30a8d4310 code [0x000001e30a8d44c0, 0x000001e30a8d46d8]
Event: 106.398 Thread 0x000001e3201eb590 6771       1       java.util.Formatter::getZero (27 bytes)
Event: 106.398 Thread 0x000001e3201eb590 nmethod 6771 0x000001e30a8d4810 code [0x000001e30a8d49c0, 0x000001e30a8d4af8]
Event: 106.398 Thread 0x000001e3201eb590 6772       1       java.util.Formatter::format (11 bytes)
Event: 106.398 Thread 0x000001e3201eb590 nmethod 6772 0x000001e30a8d4c10 code [0x000001e30a8d4da0, 0x000001e30a8d4ea8]
Event: 106.398 Thread 0x000001e3201eb590 6767       1       ch.qos.logback.core.UnsynchronizedAppenderBase::isStarted (5 bytes)
Event: 106.398 Thread 0x000001e3201eb590 nmethod 6767 0x000001e30a8d4f10 code [0x000001e30a8d50a0, 0x000001e30a8d5158]
Event: 106.398 Thread 0x000001e3201eb590 6774       1       org.postgresql.core.Field::getColumnLabel (5 bytes)
Event: 106.398 Thread 0x000001e3201eb590 nmethod 6774 0x000001e30a8d5210 code [0x000001e30a8d53a0, 0x000001e30a8d5458]
Event: 108.599 Thread 0x000001e3201eb590 6775       1       org.springframework.boot.devtools.filewatch.DirectorySnapshot::acceptChangedFile (23 bytes)
Event: 108.599 Thread 0x000001e3201eb590 nmethod 6775 0x000001e30a8d5510 code [0x000001e30a8d56a0, 0x000001e30a8d57c8]

GC Heap History (20 events):
Event: 17.248 GC heap before
{Heap before GC invocations=22 (full 0):
 garbage-first heap   total 86016K, used 67912K [0x0000000089800000, 0x0000000100000000)
  region size 1024K, 44 young (45056K), 3 survivors (3072K)
 Metaspace       used 58194K, capacity 59003K, committed 59184K, reserved 1101824K
  class space    used 6805K, capacity 7023K, committed 7040K, reserved 1048576K
}
Event: 17.251 GC heap after
{Heap after GC invocations=23 (full 0):
 garbage-first heap   total 86016K, used 27635K [0x0000000089800000, 0x0000000100000000)
  region size 1024K, 3 young (3072K), 3 survivors (3072K)
 Metaspace       used 58194K, capacity 59003K, committed 59184K, reserved 1101824K
  class space    used 6805K, capacity 7023K, committed 7040K, reserved 1048576K
}
Event: 17.834 GC heap before
{Heap before GC invocations=23 (full 0):
 garbage-first heap   total 86016K, used 62451K [0x0000000089800000, 0x0000000100000000)
  region size 1024K, 39 young (39936K), 3 survivors (3072K)
 Metaspace       used 59422K, capacity 60139K, committed 60240K, reserved 1101824K
  class space    used 6942K, capacity 7159K, committed 7168K, reserved 1048576K
}
Event: 17.837 GC heap after
{Heap after GC invocations=24 (full 0):
 garbage-first heap   total 86016K, used 28411K [0x0000000089800000, 0x0000000100000000)
  region size 1024K, 4 young (4096K), 4 survivors (4096K)
 Metaspace       used 59422K, capacity 60139K, committed 60240K, reserved 1101824K
  class space    used 6942K, capacity 7159K, committed 7168K, reserved 1048576K
}
Event: 32.684 GC heap before
{Heap before GC invocations=25 (full 0):
 garbage-first heap   total 86016K, used 69371K [0x0000000089800000, 0x0000000100000000)
  region size 1024K, 45 young (46080K), 4 survivors (4096K)
 Metaspace       used 62808K, capacity 63504K, committed 63772K, reserved 1105920K
  class space    used 7272K, capacity 7512K, committed 7628K, reserved 1048576K
}
Event: 32.687 GC heap after
{Heap after GC invocations=26 (full 0):
 garbage-first heap   total 86016K, used 29900K [0x0000000089800000, 0x0000000100000000)
  region size 1024K, 4 young (4096K), 4 survivors (4096K)
 Metaspace       used 62808K, capacity 63504K, committed 63772K, reserved 1105920K
  class space    used 7272K, capacity 7512K, committed 7628K, reserved 1048576K
}
Event: 43.204 GC heap before
{Heap before GC invocations=27 (full 0):
 garbage-first heap   total 86016K, used 45260K [0x0000000089800000, 0x0000000100000000)
  region size 1024K, 20 young (20480K), 4 survivors (4096K)
 Metaspace       used 66169K, capacity 66934K, committed 67100K, reserved 1107968K
  class space    used 7591K, capacity 7843K, committed 7884K, reserved 1048576K
}
Event: 43.207 GC heap after
{Heap after GC invocations=28 (full 0):
 garbage-first heap   total 86016K, used 32232K [0x0000000089800000, 0x0000000100000000)
  region size 1024K, 5 young (5120K), 5 survivors (5120K)
 Metaspace       used 66169K, capacity 66934K, committed 67100K, reserved 1107968K
  class space    used 7591K, capacity 7843K, committed 7884K, reserved 1048576K
}
Event: 45.571 GC heap before
{Heap before GC invocations=29 (full 0):
 garbage-first heap   total 86016K, used 49640K [0x0000000089800000, 0x0000000100000000)
  region size 1024K, 12 young (12288K), 5 survivors (5120K)
 Metaspace       used 67280K, capacity 67990K, committed 68252K, reserved 1110016K
  class space    used 7702K, capacity 7939K, committed 8012K, reserved 1048576K
}
Event: 45.574 GC heap after
{Heap after GC invocations=30 (full 0):
 garbage-first heap   total 86016K, used 44780K [0x0000000089800000, 0x0000000100000000)
  region size 1024K, 4 young (4096K), 4 survivors (4096K)
 Metaspace       used 67280K, capacity 67990K, committed 68252K, reserved 1110016K
  class space    used 7702K, capacity 7939K, committed 8012K, reserved 1048576K
}
Event: 45.903 GC heap before
{Heap before GC invocations=31 (full 0):
 garbage-first heap   total 99328K, used 67308K [0x0000000089800000, 0x0000000100000000)
  region size 1024K, 16 young (16384K), 4 survivors (4096K)
 Metaspace       used 67300K, capacity 67990K, committed 68252K, reserved 1110016K
  class space    used 7703K, capacity 7939K, committed 8012K, reserved 1048576K
}
Event: 45.906 GC heap after
{Heap after GC invocations=32 (full 0):
 garbage-first heap   total 99328K, used 57146K [0x0000000089800000, 0x0000000100000000)
  region size 1024K, 2 young (2048K), 2 survivors (2048K)
 Metaspace       used 67300K, capacity 67990K, committed 68252K, reserved 1110016K
  class space    used 7703K, capacity 7939K, committed 8012K, reserved 1048576K
}
Event: 46.546 GC heap before
{Heap before GC invocations=33 (full 0):
 garbage-first heap   total 117760K, used 79674K [0x0000000089800000, 0x0000000100000000)
  region size 1024K, 14 young (14336K), 2 survivors (2048K)
 Metaspace       used 67305K, capacity 67990K, committed 68252K, reserved 1110016K
  class space    used 7705K, capacity 7939K, committed 8012K, reserved 1048576K
}
Event: 46.551 GC heap after
{Heap after GC invocations=34 (full 0):
 garbage-first heap   total 117760K, used 56054K [0x0000000089800000, 0x0000000100000000)
  region size 1024K, 4 young (4096K), 4 survivors (4096K)
 Metaspace       used 67305K, capacity 67990K, committed 68252K, reserved 1110016K
  class space    used 7705K, capacity 7939K, committed 8012K, reserved 1048576K
}
Event: 49.957 GC heap before
{Heap before GC invocations=35 (full 0):
 garbage-first heap   total 121856K, used 71414K [0x0000000089800000, 0x0000000100000000)
  region size 1024K, 5 young (5120K), 4 survivors (4096K)
 Metaspace       used 67500K, capacity 68234K, committed 68508K, reserved 1110016K
  class space    used 7729K, capacity 7977K, committed 8012K, reserved 1048576K
}
Event: 49.960 GC heap after
{Heap after GC invocations=36 (full 0):
 garbage-first heap   total 121856K, used 57459K [0x0000000089800000, 0x0000000100000000)
  region size 1024K, 1 young (1024K), 1 survivors (1024K)
 Metaspace       used 67500K, capacity 68234K, committed 68508K, reserved 1110016K
  class space    used 7729K, capacity 7977K, committed 8012K, reserved 1048576K
}
Event: 64.921 GC heap before
{Heap before GC invocations=37 (full 0):
 garbage-first heap   total 121856K, used 70771K [0x0000000089800000, 0x0000000100000000)
  region size 1024K, 15 young (15360K), 1 survivors (1024K)
 Metaspace       used 68263K, capacity 69043K, committed 69148K, reserved 1110016K
  class space    used 7806K, capacity 8075K, committed 8140K, reserved 1048576K
}
Event: 64.923 GC heap after
{Heap after GC invocations=38 (full 0):
 garbage-first heap   total 121856K, used 53061K [0x0000000089800000, 0x0000000100000000)
  region size 1024K, 1 young (1024K), 1 survivors (1024K)
 Metaspace       used 68263K, capacity 69043K, committed 69148K, reserved 1110016K
  class space    used 7806K, capacity 8075K, committed 8140K, reserved 1048576K
}
Event: 65.072 GC heap before
{Heap before GC invocations=39 (full 0):
 garbage-first heap   total 121856K, used 54085K [0x0000000089800000, 0x0000000100000000)
  region size 1024K, 2 young (2048K), 1 survivors (1024K)
 Metaspace       used 68269K, capacity 69043K, committed 69148K, reserved 1110016K
  class space    used 7806K, capacity 8075K, committed 8140K, reserved 1048576K
}
Event: 65.074 GC heap after
{Heap after GC invocations=40 (full 0):
 garbage-first heap   total 121856K, used 49937K [0x0000000089800000, 0x0000000100000000)
  region size 1024K, 1 young (1024K), 1 survivors (1024K)
 Metaspace       used 68269K, capacity 69043K, committed 69148K, reserved 1110016K
  class space    used 7806K, capacity 8075K, committed 8140K, reserved 1048576K
}

Deoptimization events (20 events):
Event: 108.600 Thread 0x000001e323f173b0 DEOPT PACKING pc=0x000001e309e97b54 sp=0x0000008c531fdcc0
Event: 108.601 Thread 0x000001e323f173b0 DEOPT UNPACKING pc=0x000001e30957e23f sp=0x0000008c531fd158 mode 1
Event: 108.601 Thread 0x000001e323f173b0 DEOPT PACKING pc=0x000001e309e5a9fc sp=0x0000008c531fdd90
Event: 108.601 Thread 0x000001e323f173b0 DEOPT UNPACKING pc=0x000001e30957e23f sp=0x0000008c531fd248 mode 1
Event: 108.601 Thread 0x000001e323f173b0 DEOPT PACKING pc=0x000001e309eb6ed4 sp=0x0000008c531fe7a0
Event: 108.601 Thread 0x000001e323f173b0 DEOPT UNPACKING pc=0x000001e30957e23f sp=0x0000008c531fdc90 mode 1
Event: 108.601 Thread 0x000001e323f173b0 DEOPT PACKING pc=0x000001e309e97b54 sp=0x0000008c531fdc10
Event: 108.601 Thread 0x000001e323f173b0 DEOPT UNPACKING pc=0x000001e30957e23f sp=0x0000008c531fd0a8 mode 1
Event: 108.601 Thread 0x000001e323f173b0 DEOPT PACKING pc=0x000001e309e5a9fc sp=0x0000008c531fdce0
Event: 108.601 Thread 0x000001e323f173b0 DEOPT UNPACKING pc=0x000001e30957e23f sp=0x0000008c531fd198 mode 1
Event: 108.601 Thread 0x000001e323f173b0 DEOPT PACKING pc=0x000001e309eb6ed4 sp=0x0000008c531fe6f0
Event: 108.601 Thread 0x000001e323f173b0 DEOPT UNPACKING pc=0x000001e30957e23f sp=0x0000008c531fdbc8 mode 1
Event: 108.601 Thread 0x000001e323f173b0 DEOPT PACKING pc=0x000001e30a0a62fc sp=0x0000008c531fe790
Event: 108.601 Thread 0x000001e323f173b0 DEOPT UNPACKING pc=0x000001e30957e23f sp=0x0000008c531fdd28 mode 1
Event: 108.601 Thread 0x000001e323f173b0 DEOPT PACKING pc=0x000001e309e97b54 sp=0x0000008c531fdcc0
Event: 108.601 Thread 0x000001e323f173b0 DEOPT UNPACKING pc=0x000001e30957e23f sp=0x0000008c531fd158 mode 1
Event: 108.601 Thread 0x000001e323f173b0 DEOPT PACKING pc=0x000001e309e5a9fc sp=0x0000008c531fdd90
Event: 108.601 Thread 0x000001e323f173b0 DEOPT UNPACKING pc=0x000001e30957e23f sp=0x0000008c531fd248 mode 1
Event: 108.601 Thread 0x000001e323f173b0 DEOPT PACKING pc=0x000001e309eb6ed4 sp=0x0000008c531fe7a0
Event: 108.601 Thread 0x000001e323f173b0 DEOPT UNPACKING pc=0x000001e30957e23f sp=0x0000008c531fdc90 mode 1

Classes unloaded (2 events):
Event: 17.854 Thread 0x000001e32018f440 Unloading class 0x00000001004d6c40 'jdk/internal/reflect/GeneratedSerializationConstructorAccessor36'
Event: 17.854 Thread 0x000001e32018f440 Unloading class 0x00000001004d7c40 'jdk/internal/reflect/GeneratedSerializationConstructorAccessor35'

Classes redefined (0 events):
No events

Internal exceptions (20 events):
Event: 17.105 Thread 0x000001e323f16ee0 Exception <a 'java/lang/ClassNotFoundException'{0x000000008cfbfb78}: org/springframework/security/taglibs/authz/AbstractAuthorizeTagCustomizer> (0x000000008cfbfb78) 
thrown [./open/src/hotspot/share/classfile/systemDictionary.cpp, line 295]
Event: 17.106 Thread 0x000001e323f16ee0 Exception <a 'java/lang/ClassNotFoundException'{0x000000008cfd0290}: org/springframework/security/taglibs/authz/JspAuthorizeTagCustomizer> (0x000000008cfd0290) 
thrown [./open/src/hotspot/share/classfile/systemDictionary.cpp, line 295]
Event: 17.125 Thread 0x000001e323f16ee0 Exception <a 'java/lang/ArrayIndexOutOfBoundsException'{0x000000008ce29588}> (0x000000008ce29588) 
thrown [./open/src/hotspot/share/runtime/sharedRuntime.cpp, line 585]
Event: 17.225 Thread 0x000001e323f18220 Exception <a 'java/lang/ArrayIndexOutOfBoundsException'{0x000000008c6a3798}> (0x000000008c6a3798) 
thrown [./open/src/hotspot/share/runtime/sharedRuntime.cpp, line 585]
Event: 17.293 Thread 0x000001e323f18220 Exception <a 'java/lang/ArrayIndexOutOfBoundsException'{0x000000008e8cdc18}> (0x000000008e8cdc18) 
thrown [./open/src/hotspot/share/runtime/sharedRuntime.cpp, line 585]
Event: 17.377 Thread 0x000001e323f18220 Exception <a 'java/lang/ArrayIndexOutOfBoundsException'{0x000000008e196d60}> (0x000000008e196d60) 
thrown [./open/src/hotspot/share/runtime/sharedRuntime.cpp, line 585]
Event: 17.455 Thread 0x000001e323f18220 Exception <a 'java/lang/ArrayIndexOutOfBoundsException'{0x000000008da2c8d8}> (0x000000008da2c8d8) 
thrown [./open/src/hotspot/share/runtime/sharedRuntime.cpp, line 585]
Event: 17.501 Thread 0x000001e323f16ee0 Exception <a 'java/io/IOException'{0x000000008ecd2be8}> (0x000000008ecd2be8) 
thrown [./open/src/hotspot/share/prims/jni.cpp, line 578]
Event: 17.501 Thread 0x000001e323f18220 Exception <a 'java/io/IOException'{0x000000008d5e1298}> (0x000000008d5e1298) 
thrown [./open/src/hotspot/share/prims/jni.cpp, line 578]
Event: 17.808 Thread 0x000001e323f1a8a0 Exception <a 'java/lang/ClassNotFoundException'{0x000000008cd1a180}: java/lang/ObjectCustomizer> (0x000000008cd1a180) 
thrown [./open/src/hotspot/share/classfile/systemDictionary.cpp, line 295]
Event: 17.809 Thread 0x000001e323f1a8a0 Exception <a 'java/lang/ClassNotFoundException'{0x000000008cd26430}: com/loanscrefia/common/common/domain/PagingDomainCustomizer> (0x000000008cd26430) 
thrown [./open/src/hotspot/share/classfile/systemDictionary.cpp, line 295]
Event: 17.810 Thread 0x000001e323f1a8a0 Exception <a 'java/lang/ClassNotFoundException'{0x000000008cd39770}: com/loanscrefia/common/common/domain/BaseDomainCustomizer> (0x000000008cd39770) 
thrown [./open/src/hotspot/share/classfile/systemDictionary.cpp, line 295]
Event: 17.811 Thread 0x000001e323f1a8a0 Exception <a 'java/lang/ClassNotFoundException'{0x000000008cd584c0}: com/loanscrefia/bo/board/domain/BoardDomainCustomizer> (0x000000008cd584c0) 
thrown [./open/src/hotspot/share/classfile/systemDictionary.cpp, line 295]
Event: 17.997 Thread 0x000001e323f1a8a0 Exception <a 'java/lang/NoSuchMethodError'{0x000000008d5a27f0}: 'java.lang.Object java.lang.invoke.DirectMethodHandle$Holder.invokeStaticInit(java.lang.Object, java.lang.Object, java.lang.Object, java.lang.Object)'> (0x000000008d5a27f0) 
thrown [./open/src/hotspot/share/interpreter/linkResolver.cpp, line 782]
Event: 18.619 Thread 0x000001e323f1ca50 Exception <a 'java/lang/ArrayIndexOutOfBoundsException'{0x000000008d18e018}> (0x000000008d18e018) 
thrown [./open/src/hotspot/share/runtime/sharedRuntime.cpp, line 585]
Event: 33.864 Thread 0x000001e323f17880 Exception <a 'java/lang/ClassNotFoundException'{0x0000000090fd2850}: sun/awt/resources/spi/awtProvider> (0x0000000090fd2850) 
thrown [./open/src/hotspot/share/classfile/systemDictionary.cpp, line 295]
Event: 33.979 Thread 0x000001e323f17880 Exception <a 'java/io/FileNotFoundException'{0x0000000090fd9548}> (0x0000000090fd9548) 
thrown [./open/src/hotspot/share/prims/jni.cpp, line 578]
Event: 34.016 Thread 0x000001e323f17880 Exception <a 'java/io/FileNotFoundException'{0x0000000090fdb458}> (0x0000000090fdb458) 
thrown [./open/src/hotspot/share/prims/jni.cpp, line 578]
Event: 40.794 Thread 0x000001e323f17880 Exception <a 'java/lang/NoSuchMethodError'{0x000000008e363018}: 'java.lang.Object java.lang.invoke.DirectMethodHandle$Holder.invokeSpecial(java.lang.Object, java.lang.Object, java.lang.Object, int, java.lang.Object)'> (0x000000008e363018) 
thrown [./open/src/hotspot/share/interpreter/linkResolver.cpp, line 782]
Event: 40.804 Thread 0x000001e323f17880 Exception <a 'java/lang/NoSuchMethodError'{0x000000008e367138}: 'java.lang.Object java.lang.invoke.Invokers$Holder.linkToTargetMethod(java.lang.Object, int, java.lang.Object, java.lang.Object)'> (0x000000008e367138) 
thrown [./open/src/hotspot/share/interpreter/linkResolver.cpp, line 782]

Events (20 events):
Event: 110.006 Executing VM operation: GetFrameCount done
Event: 110.006 Executing VM operation: SetFramePop
Event: 110.006 Executing VM operation: SetFramePop done
Event: 110.006 Executing VM operation: GetFrameLocation
Event: 110.006 Executing VM operation: GetFrameLocation done
Event: 110.006 Executing VM operation: GetCurrentLocation
Event: 110.006 Executing VM operation: GetCurrentLocation done
Event: 110.006 Executing VM operation: ChangeSingleStep
Event: 110.006 Executing VM operation: ChangeSingleStep done
Event: 110.006 Executing VM operation: GetFrameCount
Event: 110.006 Executing VM operation: GetFrameCount done
Event: 110.006 Executing VM operation: GetFrameCount
Event: 110.006 Executing VM operation: GetFrameCount done
Event: 110.006 Executing VM operation: GetStackTrace
Event: 110.006 Executing VM operation: GetStackTrace done
Event: 110.006 Executing VM operation: GetFrameLocation
Event: 110.006 Executing VM operation: GetFrameLocation done
Event: 110.007 Executing VM operation: get/set locals
Event: 110.007 Executing VM operation: get/set locals done
Event: 110.007 Executing VM operation: ChangeSingleStep


Dynamic libraries:
0x00007ff6bb860000 - 0x00007ff6bb86d000 	C:\Users\a\Desktop\sts-4.10.0.RELEASE\plugins\org.eclipse.justj.openjdk.hotspot.jre.full.win32.x86_64_15.0.2.v20210201-0955\jre\bin\javaw.exe
0x00007ffe2dbd0000 - 0x00007ffe2ddc6000 	C:\Windows\SYSTEM32\ntdll.dll
0x00007ffe2c760000 - 0x00007ffe2c81d000 	C:\Windows\System32\KERNEL32.DLL
0x00007ffe2b310000 - 0x00007ffe2b5d9000 	C:\Windows\System32\KERNELBASE.dll
0x00007ffe2b810000 - 0x00007ffe2b910000 	C:\Windows\System32\ucrtbase.dll
0x00007ffe1cd90000 - 0x00007ffe1cda8000 	C:\Users\a\Desktop\sts-4.10.0.RELEASE\plugins\org.eclipse.justj.openjdk.hotspot.jre.full.win32.x86_64_15.0.2.v20210201-0955\jre\bin\jli.dll
0x00007ffe10750000 - 0x00007ffe10769000 	C:\Users\a\Desktop\sts-4.10.0.RELEASE\plugins\org.eclipse.justj.openjdk.hotspot.jre.full.win32.x86_64_15.0.2.v20210201-0955\jre\bin\VCRUNTIME140.dll
0x00007ffe2bce0000 - 0x00007ffe2be80000 	C:\Windows\System32\USER32.dll
0x00007ffe2baf0000 - 0x00007ffe2bb12000 	C:\Windows\System32\win32u.dll
0x00007ffe2c060000 - 0x00007ffe2c08a000 	C:\Windows\System32\GDI32.dll
0x00007ffe19b70000 - 0x00007ffe19e0b000 	C:\Windows\WinSxS\amd64_microsoft.windows.common-controls_6595b64144ccf1df_6.0.19041.746_none_ca02b4b61b8320a4\COMCTL32.dll
0x00007ffe2bb20000 - 0x00007ffe2bc2b000 	C:\Windows\System32\gdi32full.dll
0x00007ffe2c090000 - 0x00007ffe2c12e000 	C:\Windows\System32\msvcrt.dll
0x00007ffe2ba50000 - 0x00007ffe2baed000 	C:\Windows\System32\msvcp_win.dll
0x00007ffe2be80000 - 0x00007ffe2beb0000 	C:\Windows\System32\IMM32.DLL
0x00007ffe1b510000 - 0x00007ffe1b51c000 	C:\Users\a\Desktop\sts-4.10.0.RELEASE\plugins\org.eclipse.justj.openjdk.hotspot.jre.full.win32.x86_64_15.0.2.v20210201-0955\jre\bin\vcruntime140_1.dll
0x00007ffe00340000 - 0x00007ffe003d1000 	C:\Users\a\Desktop\sts-4.10.0.RELEASE\plugins\org.eclipse.justj.openjdk.hotspot.jre.full.win32.x86_64_15.0.2.v20210201-0955\jre\bin\msvcp140.dll
0x00007ffdf1540000 - 0x00007ffdf209e000 	C:\Users\a\Desktop\sts-4.10.0.RELEASE\plugins\org.eclipse.justj.openjdk.hotspot.jre.full.win32.x86_64_15.0.2.v20210201-0955\jre\bin\server\jvm.dll
0x00007ffe2d070000 - 0x00007ffe2d11c000 	C:\Windows\System32\ADVAPI32.dll
0x00007ffe2beb0000 - 0x00007ffe2bf4c000 	C:\Windows\System32\sechost.dll
0x00007ffe2d860000 - 0x00007ffe2d98b000 	C:\Windows\System32\RPCRT4.dll
0x00007ffe2c820000 - 0x00007ffe2c828000 	C:\Windows\System32\PSAPI.DLL
0x00007ffe175a0000 - 0x00007ffe175a9000 	C:\Windows\SYSTEM32\WSOCK32.dll
0x00007ffe210b0000 - 0x00007ffe210ba000 	C:\Windows\SYSTEM32\VERSION.dll
0x00007ffe2c490000 - 0x00007ffe2c4fb000 	C:\Windows\System32\WS2_32.dll
0x00007ffe20e50000 - 0x00007ffe20e77000 	C:\Windows\SYSTEM32\WINMM.dll
0x00007ffe29260000 - 0x00007ffe29272000 	C:\Windows\SYSTEM32\kernel.appcore.dll
0x00007ffe26110000 - 0x00007ffe2611a000 	C:\Users\a\Desktop\sts-4.10.0.RELEASE\plugins\org.eclipse.justj.openjdk.hotspot.jre.full.win32.x86_64_15.0.2.v20210201-0955\jre\bin\jimage.dll
0x00007ffe239d0000 - 0x00007ffe23bb4000 	C:\Windows\SYSTEM32\DBGHELP.DLL
0x00007ffe16780000 - 0x00007ffe167ac000 	C:\Windows\SYSTEM32\dbgcore.DLL
0x00007ffe2b630000 - 0x00007ffe2b6b0000 	C:\Windows\System32\bcryptPrimitives.dll
0x00007ffe26280000 - 0x00007ffe262b9000 	C:\Users\a\Desktop\sts-4.10.0.RELEASE\plugins\org.eclipse.justj.openjdk.hotspot.jre.full.win32.x86_64_15.0.2.v20210201-0955\jre\bin\jdwp.dll
0x00007ffe260f0000 - 0x00007ffe260fe000 	C:\Users\a\Desktop\sts-4.10.0.RELEASE\plugins\org.eclipse.justj.openjdk.hotspot.jre.full.win32.x86_64_15.0.2.v20210201-0955\jre\bin\instrument.dll
0x00007ffe1c730000 - 0x00007ffe1c755000 	C:\Users\a\Desktop\sts-4.10.0.RELEASE\plugins\org.eclipse.justj.openjdk.hotspot.jre.full.win32.x86_64_15.0.2.v20210201-0955\jre\bin\java.dll
0x00007ffe19e20000 - 0x00007ffe19e38000 	C:\Users\a\Desktop\sts-4.10.0.RELEASE\plugins\org.eclipse.justj.openjdk.hotspot.jre.full.win32.x86_64_15.0.2.v20210201-0955\jre\bin\zip.dll
0x00007ffe2c920000 - 0x00007ffe2d062000 	C:\Windows\System32\SHELL32.dll
0x00007ffe29460000 - 0x00007ffe29bf0000 	C:\Windows\SYSTEM32\windows.storage.dll
0x00007ffe2c130000 - 0x00007ffe2c486000 	C:\Windows\System32\combase.dll
0x00007ffe2aca0000 - 0x00007ffe2accc000 	C:\Windows\SYSTEM32\Wldp.dll
0x00007ffe2c5d0000 - 0x00007ffe2c67e000 	C:\Windows\System32\SHCORE.dll
0x00007ffe2bf70000 - 0x00007ffe2bfc5000 	C:\Windows\System32\shlwapi.dll
0x00007ffe2b240000 - 0x00007ffe2b266000 	C:\Windows\SYSTEM32\profapi.dll
0x00007ffe26ee0000 - 0x00007ffe26eeb000 	C:\Users\a\Desktop\sts-4.10.0.RELEASE\plugins\org.eclipse.justj.openjdk.hotspot.jre.full.win32.x86_64_15.0.2.v20210201-0955\jre\bin\dt_socket.dll
0x00007ffe2a710000 - 0x00007ffe2a74b000 	C:\Windows\SYSTEM32\IPHLPAPI.DLL
0x00007ffe2aa20000 - 0x00007ffe2aa8a000 	C:\Windows\system32\mswsock.dll
0x00007ffe2a750000 - 0x00007ffe2a81b000 	C:\Windows\SYSTEM32\DNSAPI.dll
0x00007ffe2db80000 - 0x00007ffe2db88000 	C:\Windows\System32\NSI.dll
0x00007ffe1b780000 - 0x00007ffe1b78a000 	C:\Windows\System32\rasadhlp.dll
0x00007ffe1b980000 - 0x00007ffe1b9ff000 	C:\Windows\System32\fwpuclnt.dll
0x00007ffe2b910000 - 0x00007ffe2b937000 	C:\Windows\System32\bcrypt.dll
0x00007ffe10c80000 - 0x00007ffe10c99000 	C:\Users\a\Desktop\sts-4.10.0.RELEASE\plugins\org.eclipse.justj.openjdk.hotspot.jre.full.win32.x86_64_15.0.2.v20210201-0955\jre\bin\net.dll
0x00007ffe24c00000 - 0x00007ffe24d00000 	C:\Windows\SYSTEM32\WINHTTP.dll
0x00007ffe107f0000 - 0x00007ffe10802000 	C:\Users\a\Desktop\sts-4.10.0.RELEASE\plugins\org.eclipse.justj.openjdk.hotspot.jre.full.win32.x86_64_15.0.2.v20210201-0955\jre\bin\nio.dll
0x00007ffe1ab00000 - 0x00007ffe1ab09000 	C:\Users\a\Desktop\sts-4.10.0.RELEASE\plugins\org.eclipse.justj.openjdk.hotspot.jre.full.win32.x86_64_15.0.2.v20210201-0955\jre\bin\management.dll
0x00007ffe1a8d0000 - 0x00007ffe1a8db000 	C:\Users\a\Desktop\sts-4.10.0.RELEASE\plugins\org.eclipse.justj.openjdk.hotspot.jre.full.win32.x86_64_15.0.2.v20210201-0955\jre\bin\management_ext.dll
0x00007ffe0f790000 - 0x00007ffe0f7a7000 	C:\Windows\system32\napinsp.dll
0x00007ffe0f290000 - 0x00007ffe0f2ab000 	C:\Windows\system32\pnrpnsp.dll
0x00007ffe10070000 - 0x00007ffe10085000 	C:\Windows\system32\wshbth.dll
0x00007ffe26d80000 - 0x00007ffe26d9d000 	C:\Windows\system32\NLAapi.dll
0x00007ffde77f0000 - 0x00007ffde7802000 	C:\Windows\System32\winrnr.dll
0x00007ffe2abf0000 - 0x00007ffe2ac08000 	C:\Windows\SYSTEM32\CRYPTSP.dll
0x00007ffe2a3c0000 - 0x00007ffe2a3f4000 	C:\Windows\system32\rsaenh.dll
0x00007ffe2b1c0000 - 0x00007ffe2b1ee000 	C:\Windows\SYSTEM32\USERENV.dll
0x00007ffe2ac10000 - 0x00007ffe2ac1c000 	C:\Windows\SYSTEM32\CRYPTBASE.dll
0x00007ffe23780000 - 0x00007ffe23797000 	C:\Windows\SYSTEM32\dhcpcsvc6.DLL
0x00007ffe24500000 - 0x00007ffe2451d000 	C:\Windows\SYSTEM32\dhcpcsvc.DLL
0x00007ffe260c0000 - 0x00007ffe260d0000 	C:\Users\a\Desktop\sts-4.10.0.RELEASE\plugins\org.eclipse.justj.openjdk.hotspot.jre.full.win32.x86_64_15.0.2.v20210201-0955\jre\bin\verify.dll
0x00007ffdf73b0000 - 0x00007ffdf752f000 	C:\Users\a\Desktop\sts-4.10.0.RELEASE\plugins\org.eclipse.justj.openjdk.hotspot.jre.full.win32.x86_64_15.0.2.v20210201-0955\jre\bin\awt.dll
0x00007ffe2c500000 - 0x00007ffe2c5cd000 	C:\Windows\System32\OLEAUT32.dll
0x00007ffe28c10000 - 0x00007ffe28ca0000 	C:\Windows\SYSTEM32\apphelp.dll
0x00007ffe25a90000 - 0x00007ffe25acf000 	C:\Users\a\Desktop\sts-4.10.0.RELEASE\plugins\org.eclipse.justj.openjdk.hotspot.jre.full.win32.x86_64_15.0.2.v20210201-0955\jre\bin\lcms.dll
0x00007ffe28f70000 - 0x00007ffe28f9f000 	C:\Windows\system32\DWMAPI.DLL
0x00007ffe28da0000 - 0x00007ffe28e3e000 	C:\Windows\system32\uxtheme.dll
0x00007ffe25930000 - 0x00007ffe2595d000 	C:\Users\a\Desktop\sts-4.10.0.RELEASE\plugins\org.eclipse.justj.openjdk.hotspot.jre.full.win32.x86_64_15.0.2.v20210201-0955\jre\bin\javajpeg.dll
0x00007ffe2d2d0000 - 0x00007ffe2d3e5000 	C:\Windows\System32\MSCTF.dll
0x00007ffe2d9f0000 - 0x00007ffe2db1a000 	C:\Windows\System32\ole32.dll
0x00007ffe250f0000 - 0x00007ffe25131000 	C:\Users\a\AppData\Local\Temp\jna-97\jna3845207467363765013.dll
0x00007ffdeb750000 - 0x00007ffdeba0d000 	C:\Users\a\AppData\Local\Temp\tess4j\win32-x86-64\libtesseract411.dll
0x00007ffde98c0000 - 0x00007ffde9c98000 	C:\Users\a\AppData\Local\Temp\tess4j\win32-x86-64\liblept1790.dll

dbghelp: loaded successfully - version: 4.0.5 - missing functions: none
symbol engine: initialized successfully - sym options: 0x614 - pdb path: .;C:\Users\a\Desktop\sts-4.10.0.RELEASE\plugins\org.eclipse.justj.openjdk.hotspot.jre.full.win32.x86_64_15.0.2.v20210201-0955\jre\bin;C:\Windows\SYSTEM32;C:\Windows\WinSxS\amd64_microsoft.windows.common-controls_6595b64144ccf1df_6.0.19041.746_none_ca02b4b61b8320a4;C:\Users\a\Desktop\sts-4.10.0.RELEASE\plugins\org.eclipse.justj.openjdk.hotspot.jre.full.win32.x86_64_15.0.2.v20210201-0955\jre\bin\server;C:\Users\a\AppData\Local\Temp\jna-97;C:\Users\a\AppData\Local\Temp\tess4j\win32-x86-64

VM Arguments:
jvm_args: -XX:+ShowCodeDetailsInExceptionMessages -agentlib:jdwp=transport=dt_socket,suspend=y,address=localhost:61960 -Dcom.sun.management.jmxremote -Dcom.sun.management.jmxremote.port=61959 -Dcom.sun.management.jmxremote.authenticate=false -Dcom.sun.management.jmxremote.ssl=false -Djava.rmi.server.hostname=localhost -Dspring.jmx.enabled=true -Dspring.application.admin.enabled=true -XX:TieredStopAtLevel=1 -Dspring.boot.project.name=loanscrefia-bo -javaagent:C:\Users\a\Desktop\sts-4.10.0.RELEASE\configuration\org.eclipse.osgi\254\0\.cp\lib\javaagent-shaded.jar -Dfile.encoding=UTF-8 
java_command: com.loanscrefia.LoanscrefiaApplication --spring.output.ansi.enabled=always
java_class_path (initial): C:\loans\loanscrefia-bo\bin\main;C:\Users\a\.gradle\caches\modules-2\files-2.1\org.projectlombok\lombok\1.18.18\481f5bfed3ae29f656eedfe9e98c8365b8ba5c57\lombok-1.18.18.jar;C:\Users\a\.gradle\caches\modules-2\files-2.1\net.sourceforge.tess4j\tess4j\4.5.1\36cbd63085aae3fab9eda4fd094a45337b1dbe10\tess4j-4.5.1.jar;C:\Users\a\.gradle\caches\modules-2\files-2.1\org.apache.pdfbox\pdfbox-tools\2.0.18\42f6bde3d60feccd63d2dc653aaea5f1d32b8740\pdfbox-tools-2.0.18.jar;C:\Users\a\.gradle\caches\modules-2\files-2.1\org.apache.pdfbox\pdfbox-debugger\2.0.18\e5620fcedb338d0c526d8a2f7065a3243fe89af9\pdfbox-debugger-2.0.18.jar;C:\Users\a\.gradle\caches\modules-2\files-2.1\org.apache.pdfbox\pdfbox\2.0.21\64b4338c958658215b2341d1da24f0a71dc9c173\pdfbox-2.0.21.jar;C:\Users\a\.gradle\caches\modules-2\files-2.1\org.springframework.boot\spring-boot-starter-security\2.4.4\1a4c1249ccdc878cd58ae1ae30ee5958ba99722c\spring-boot-starter-security-2.4.4.jar;C:\Users\a\.gradle\caches\modules-2\files-2.1\org.springframework.boot\spring-boot-starter-web\2.4.4\8b84b6800a0b72d644d77aea3df0bf02008096a7\spring-boot-starter-web-2.4.4.jar;C:\Users\a\.gradle\caches\modules-2\files-2.1\org.springframework.boot\spring-boot-devtools\2.4.0\c5db16eb1454c26665bc61cd21c3f654714e0ff4\spring-boot-devtools-2.4.0.jar;C:\Users\a\.gradle\caches\modules-2\files-2.1\org.mybatis.spring.boot\mybatis-spring-boot-starter\2.1.4\1ad97a0fb96ec3630e598e5aaae2dbd2fd29fdb0\mybatis-spring-boot-starter-2.1.4.jar;C:\Users\a\.gradle\caches\modules-2\files-2.1\org.bgee.log4jdbc-log4j2\log4jdbc-log4j2-jdbc4.1\1.16\ce7cd831b2e3e5d428e659a6fdae0fb6b89f3cc7\log4jdbc-log4j2-jdbc4.1-1.16.jar;C:\Users\a\.gradle\caches\modules-2\files-2.1\net.javacrumbs.shedlock\shedlock-spring\3.0.0\844db0375adaa0ae56b255e66a199507b41e7972\shedlock-spring-3.0.0.jar;C:\Users\a\.gradle\caches\modules-2\files-2.1\net.javacrumbs.shedlock\shedlock-provider-jdbc-template\3.0.0\8e53ed735dc43e4d5b98c777aba525b37d8d20f2\shedlock-provider-jdb
Launcher Type: SUN_STANDARD

[Global flags]
     intx CICompilerCount                          = 4                                         {product} {ergonomic}
     uint ConcGCThreads                            = 2                                         {product} {ergonomic}
     uint G1ConcRefinementThreads                  = 8                                         {product} {ergonomic}
   size_t G1HeapRegionSize                         = 1048576                                   {product} {ergonomic}
    uintx GCDrainStackTargetSize                   = 64                                        {product} {ergonomic}
   size_t InitialHeapSize                          = 125829120                                 {product} {ergonomic}
     bool ManagementServer                         = true                                      {product} {command line}
   size_t MarkStackSize                            = 4194304                                   {product} {ergonomic}
   size_t MaxHeapSize                              = 1988100096                                {product} {ergonomic}
   size_t MaxNewSize                               = 1192230912                                {product} {ergonomic}
   size_t MinHeapDeltaBytes                        = 1048576                                   {product} {ergonomic}
   size_t MinHeapSize                              = 8388608                                   {product} {ergonomic}
    uintx NonNMethodCodeHeapSize                   = 7549744                                {pd product} {ergonomic}
    uintx NonProfiledCodeHeapSize                  = 244108496                              {pd product} {ergonomic}
    uintx ProfiledCodeHeapSize                     = 0                                      {pd product} {ergonomic}
    uintx ReservedCodeCacheSize                    = 251658240                              {pd product} {ergonomic}
     bool SegmentedCodeCache                       = true                                      {product} {ergonomic}
     bool ShowCodeDetailsInExceptionMessages       = true                                   {manageable} {command line}
   size_t SoftMaxHeapSize                          = 1988100096                             {manageable} {ergonomic}
     intx TieredStopAtLevel                        = 1                                         {product} {command line}
     bool UseCompressedClassPointers               = true                                 {lp64_product} {ergonomic}
     bool UseCompressedOops                        = true                                 {lp64_product} {ergonomic}
     bool UseG1GC                                  = true                                      {product} {ergonomic}
     bool UseLargePagesIndividualAllocation        = false                                  {pd product} {ergonomic}

Logging:
Log output configuration:
 #0: stdout all=warning uptime,level,tags
 #1: stderr all=off uptime,level,tags

Environment Variables:
PATH=C:\Users\a\Desktop\sts-4.10.0.RELEASE\plugins\org.eclipse.justj.openjdk.hotspot.jre.full.win32.x86_64_15.0.2.v20210201-0955\jre\bin;C:/Users/a/Desktop/sts-4.10.0.RELEASE//plugins/org.eclipse.justj.openjdk.hotspot.jre.full.win32.x86_64_15.0.2.v20210201-0955/jre/bin/server;C:/Users/a/Desktop/sts-4.10.0.RELEASE//plugins/org.eclipse.justj.openjdk.hotspot.jre.full.win32.x86_64_15.0.2.v20210201-0955/jre/bin;C:\Program Files (x86)\Common Files\Oracle\Java\javapath;C:\Windows\system32;C:\Windows;C:\Windows\System32\Wbem;C:\Windows\System32\WindowsPowerShell\v1.0\;C:\Windows\System32\OpenSSH\;C:\Program Files\VisualSVN Server\bin;C:\Users\a\AppData\Local\Microsoft\WindowsApps;C:\Program Files\Bandizip\;C:\Users\a\Desktop\sts-4.10.0.RELEASE;
USERNAME=a
OS=Windows_NT
PROCESSOR_IDENTIFIER=AMD64 Family 23 Model 96 Stepping 1, AuthenticAMD



---------------  S Y S T E M  ---------------

OS:
 Windows 10 , 64 bit Build 19041 (10.0.19041.804)
OS uptime: 3 days 2:18 hours

CPU: total 8 (initial active 8) (8 cores per cpu, 1 threads per core) family 23 model 96 stepping 1 microcode 0x0, cmov, cx8, fxsr, mmx, sse, sse2, sse3, ssse3, sse4.1, sse4.2, popcnt, vzeroupper, avx, avx2, aes, clmul, 3dnowpref, lzcnt, sse4a, tsc, tscinvbit, tscinv, bmi1, bmi2, adx, sha, fma, clflush, clflushopt

Memory: 4k page, system-wide physical 7581M (1616M free)
TotalPageFile size 9437M (AvailPageFile size 1558M)
current process WorkingSet (physical memory assigned to process): 281M, peak: 500M
current process commit charge ("private bytes"): 316M, peak: 537M

vm_info: OpenJDK 64-Bit Server VM (15.0.2+7-27) for windows-amd64 JRE (15.0.2+7-27), built on Dec  7 2020 20:02:38 by "mach5one" with unknown MS VC++:1925

END.
